   1               		.file	"launch_effect.c"
   2               	__SREG__ = 0x3f
   3               	__SP_H__ = 0x3e
   4               	__SP_L__ = 0x3d
   5               	__CCP__  = 0x34
   6               	__tmp_reg__ = 0
   7               	__zero_reg__ = 1
  15               	.Ltext0:
  16               		.data
  17               	.LC0:
  18 0000 3858 3858 		.string	"8X8X8    3D   LED   CUBE"
  18      3820 2020 
  18      2033 4420 
  18      2020 4C45 
  18      4420 2020 
  19               	.LC1:
  20 0019 4259 00   		.string	"BY"
  21               	.LC2:
  22 001c 5961 7269 		.string	"Yarin Levy"
  22      6E20 4C65 
  22      7679 00
  23               	.LC3:
  24 0027 5769 7468 		.string	"With Thanks to:"
  24      2054 6861 
  24      6E6B 7320 
  24      746F 3A00 
  25               	.LC4:
  26 0037 4F72 7420 		.string	"Ort Rehovot   &   Norman At SUPERTECH-IT DOT COM"
  26      5265 686F 
  26      766F 7420 
  26      2020 2620 
  26      2020 4E6F 
  27               	.LC5:
  28 0068 5355 5045 		.string	"SUPERTECH-IT DOT COM    SUPERTECH-IT DOT COM"
  28      5254 4543 
  28      482D 4954 
  28      2044 4F54 
  28      2043 4F4D 
  29               	.LC6:
  30 0095 5355 5045 		.string	"SUPERTECH-IT DOT COM  SUPERTECH-IT DOT COM"
  30      5254 4543 
  30      482D 4954 
  30      2044 4F54 
  30      2043 4F4D 
  31               	.LC7:
  32 00c0 4641 494C 		.string	"FAIL"
  32      00
  33               		.text
  34               	.global	launch_effect
  36               	launch_effect:
  37               	.LFB2:
  38               	.LM1:
  39               	.LVL0:
  40 0000 EF92      		push r14
  41 0002 FF92      		push r15
  42 0004 0F93      		push r16
  43 0006 1F93      		push r17
  44 0008 CF93      		push r28
  45 000a DF93      		push r29
  46               	/* prologue: function */
  47               	/* frame size = 0 */
  48 000c 182F      		mov r17,r24
  49 000e 092F      		mov r16,r25
  50               	.LVL1:
  51               	.LM2:
  52 0010 80E0      		ldi r24,lo8(0)
  53               	.LVL2:
  54 0012 0E94 0000 		call fill
  55               	.LVL3:
  56               	.LM3:
  57 0016 82B3      		in r24,50-32
  58 0018 837E      		andi r24,lo8(-29)
  59 001a 82BB      		out 50-32,r24
  60               	.LM4:
  61 001c E12F      		mov r30,r17
  62 001e F02F      		mov r31,r16
  63 0020 E432      		cpi r30,36
  64 0022 F105      		cpc r31,__zero_reg__
  65 0024 00F0      		brlo .+2
  66 0026 00C0      		rjmp .L2
  67               	.LVL4:
  68 0028 E050      		subi r30,lo8(-(gs(.L39)))
  69 002a F040      		sbci r31,hi8(-(gs(.L39)))
  70               	.LVL5:
  71 002c EE0F      		lsl r30
  72 002e FF1F      		rol r31
  73 0030 0590      		lpm __tmp_reg__,Z+
  74 0032 F491      		lpm r31,Z
  75 0034 E02D      		mov r30,__tmp_reg__
  76 0036 0994      		ijmp
  77               	.LVL6:
  78               		.data
  79               		.section .progmem.gcc_sw_table, "a", @progbits
  80               		.p2align 1
  81               	.L39:
  82               		.data
  83               		.section .progmem.gcc_sw_table, "a", @progbits
  84               		.p2align 1
  85 0000 0000      		.word gs(.L3)
  86 0002 0000      		.word gs(.L4)
  87 0004 0000      		.word gs(.L5)
  88 0006 0000      		.word gs(.L6)
  89 0008 0000      		.word gs(.L7)
  90 000a 0000      		.word gs(.L8)
  91 000c 0000      		.word gs(.L9)
  92 000e 0000      		.word gs(.L10)
  93 0010 0000      		.word gs(.L11)
  94 0012 0000      		.word gs(.L12)
  95 0014 0000      		.word gs(.L13)
  96 0016 0000      		.word gs(.L14)
  97 0018 0000      		.word gs(.L15)
  98 001a 0000      		.word gs(.L16)
  99 001c 0000      		.word gs(.L17)
 100 001e 0000      		.word gs(.L18)
 101 0020 0000      		.word gs(.L19)
 102 0022 0000      		.word gs(.L20)
 103 0024 0000      		.word gs(.L21)
 104 0026 0000      		.word gs(.L22)
 105 0028 0000      		.word gs(.L23)
 106 002a 0000      		.word gs(.L24)
 107 002c 0000      		.word gs(.L25)
 108 002e 0000      		.word gs(.L26)
 109 0030 0000      		.word gs(.L27)
 110 0032 0000      		.word gs(.L28)
 111 0034 0000      		.word gs(.L29)
 112 0036 0000      		.word gs(.L30)
 113 0038 0000      		.word gs(.L31)
 114 003a 0000      		.word gs(.L32)
 115 003c 0000      		.word gs(.L33)
 116 003e 0000      		.word gs(.L34)
 117 0040 0000      		.word gs(.L35)
 118 0042 0000      		.word gs(.L36)
 119 0044 0000      		.word gs(.L37)
 120 0046 0000      		.word gs(.L38)
 121               		.text
 122               	.LVL7:
 123               	.L13:
 124 0038 00E0      		ldi r16,lo8(0)
 125 003a 10E0      		ldi r17,hi8(0)
 126               	.LVL8:
 127 003c 00C0      		rjmp .L40
 128               	.LVL9:
 129               	.L3:
 130               	.LM5:
 131 003e 80E0      		ldi r24,lo8(0)
 132 0040 0E94 0000 		call fill
 133               	.LVL10:
 134 0044 C0E0      		ldi r28,lo8(0)
 135 0046 D0E0      		ldi r29,hi8(0)
 136               	.LVL11:
 137               	.L41:
 138               	.LM6:
 139 0048 0E94 0000 		call rand
 140 004c 8C01      		movw r16,r24
 141               	.LVL12:
 142 004e 0E94 0000 		call rand
 143 0052 7C01      		movw r14,r24
 144 0054 0E94 0000 		call rand
 145 0058 FC01      		movw r30,r24
 146 005a C801      		movw r24,r16
 147 005c 64E0      		ldi r22,lo8(4)
 148 005e 70E0      		ldi r23,hi8(4)
 149 0060 0E94 0000 		call __divmodhi4
 150 0064 8C01      		movw r16,r24
 151 0066 C701      		movw r24,r14
 152 0068 64E0      		ldi r22,lo8(4)
 153 006a 70E0      		ldi r23,hi8(4)
 154 006c 0E94 0000 		call __divmodhi4
 155 0070 9C01      		movw r18,r24
 156 0072 CF01      		movw r24,r30
 157 0074 64E0      		ldi r22,lo8(4)
 158 0076 70E0      		ldi r23,hi8(4)
 159 0078 0E94 0000 		call __divmodhi4
 160 007c AC01      		movw r20,r24
 161 007e C801      		movw r24,r16
 162 0080 B901      		movw r22,r18
 163 0082 0E94 0000 		call setvoxel
 164               	.LM7:
 165 0086 2196      		adiw r28,1
 166 0088 C431      		cpi r28,20
 167 008a D105      		cpc r29,__zero_reg__
 168 008c 01F4      		brne .L41
 169               	.LM8:
 170 008e 82E3      		ldi r24,lo8(50)
 171 0090 90E0      		ldi r25,hi8(50)
 172 0092 68E5      		ldi r22,lo8(600)
 173 0094 72E0      		ldi r23,hi8(600)
 174 0096 0E94 0000 		call gol_play
 175 009a 00C0      		rjmp .L137
 176               	.LVL13:
 177               	.L4:
 178               	.LM9:
 179 009c 16E0      		ldi r17,lo8(6)
 180               	.L43:
 181               	.LM10:
 182 009e 83E0      		ldi r24,lo8(3)
 183 00a0 90E0      		ldi r25,hi8(3)
 184 00a2 68EE      		ldi r22,lo8(1000)
 185 00a4 73E0      		ldi r23,hi8(1000)
 186 00a6 412F      		mov r20,r17
 187 00a8 0E94 0000 		call effect_smileyspin
 188               	.LVL14:
 189 00ac 1F5F      		subi r17,lo8(-(1))
 190               	.LM11:
 191 00ae 1D30      		cpi r17,lo8(13)
 192 00b0 01F4      		brne .L43
 193 00b2 00C0      		rjmp .L149
 194               	.L45:
 195               	.LM12:
 196 00b4 84EF      		ldi r24,lo8(500)
 197 00b6 91E0      		ldi r25,hi8(500)
 198 00b8 0E94 0000 		call delay_ms
 199               	.L149:
 200 00bc 8091 0000 		lds r24,xit
 201 00c0 9091 0000 		lds r25,(xit)+1
 202 00c4 0197      		sbiw r24,1
 203 00c6 01F0      		breq .L45
 204               	.LM13:
 205 00c8 0E94 0000 		call effect_blinky2
 206 00cc 00C0      		rjmp .L46
 207               	.L47:
 208               	.LM14:
 209 00ce 84EF      		ldi r24,lo8(500)
 210 00d0 91E0      		ldi r25,hi8(500)
 211 00d2 0E94 0000 		call delay_ms
 212               	.L46:
 213 00d6 8091 0000 		lds r24,xit
 214 00da 9091 0000 		lds r25,(xit)+1
 215 00de 0197      		sbiw r24,1
 216 00e0 01F0      		breq .L47
 217               	.LM15:
 218 00e2 84E6      		ldi r24,lo8(100)
 219 00e4 90E0      		ldi r25,hi8(100)
 220 00e6 0E94 0000 		call effect_rain
 221 00ea 00C0      		rjmp .L48
 222               	.L49:
 223               	.LM16:
 224 00ec 84EF      		ldi r24,lo8(500)
 225 00ee 91E0      		ldi r25,hi8(500)
 226 00f0 0E94 0000 		call delay_ms
 227               	.L48:
 228 00f4 8091 0000 		lds r24,xit
 229 00f8 9091 0000 		lds r25,(xit)+1
 230 00fc 0197      		sbiw r24,1
 231 00fe 01F0      		breq .L49
 232               	.LM17:
 233 0100 80E0      		ldi r24,lo8(0)
 234 0102 0E94 0000 		call fill
 235 0106 02EC      		ldi r16,lo8(450)
 236 0108 11E0      		ldi r17,hi8(450)
 237               	.LVL15:
 238               	.L50:
 239               	.LM18:
 240 010a 80E4      		ldi r24,lo8(64)
 241 010c 90E0      		ldi r25,hi8(64)
 242 010e B801      		movw r22,r16
 243 0110 0E94 0000 		call int_ripples
 244 0114 0E51      		subi r16,lo8(-(-30))
 245 0116 1040      		sbci r17,hi8(-(-30))
 246               	.LM19:
 247 0118 0E31      		cpi r16,30
 248 011a 1105      		cpc r17,__zero_reg__
 249 011c 01F4      		brne .L50
 250 011e 00C0      		rjmp .L150
 251               	.L52:
 252               	.LM20:
 253 0120 84EF      		ldi r24,lo8(500)
 254 0122 91E0      		ldi r25,hi8(500)
 255 0124 0E94 0000 		call delay_ms
 256               	.L150:
 257 0128 8091 0000 		lds r24,xit
 258 012c 9091 0000 		lds r25,(xit)+1
 259 0130 0197      		sbiw r24,1
 260 0132 01F0      		breq .L52
 261 0134 00C0      		rjmp .L137
 262               	.LVL16:
 263               	.L5:
 264               	.LM21:
 265 0136 88EE      		ldi r24,lo8(1000)
 266 0138 93E0      		ldi r25,hi8(1000)
 267 013a 60E0      		ldi r22,lo8(.LC0)
 268 013c 70E0      		ldi r23,hi8(.LC0)
 269 013e 0E94 0000 		call effect_path_text
 270               	.LVL17:
 271               	.LM22:
 272 0142 80E0      		ldi r24,lo8(.LC1)
 273 0144 90E0      		ldi r25,hi8(.LC1)
 274 0146 0E94 0000 		call effect_stringfly2
 275               	.LM23:
 276 014a 88EE      		ldi r24,lo8(1000)
 277 014c 93E0      		ldi r25,hi8(1000)
 278 014e 60E0      		ldi r22,lo8(.LC2)
 279 0150 70E0      		ldi r23,hi8(.LC2)
 280 0152 0E94 0000 		call effect_path_text
 281               	.LM24:
 282 0156 88EE      		ldi r24,lo8(1000)
 283 0158 93E0      		ldi r25,hi8(1000)
 284 015a 60E0      		ldi r22,lo8(.LC3)
 285 015c 70E0      		ldi r23,hi8(.LC3)
 286 015e 0E94 0000 		call effect_path_text
 287               	.LM25:
 288 0162 88EE      		ldi r24,lo8(1000)
 289 0164 93E0      		ldi r25,hi8(1000)
 290 0166 60E0      		ldi r22,lo8(.LC4)
 291 0168 70E0      		ldi r23,hi8(.LC4)
 292 016a 0E94 0000 		call effect_path_text
 293               	.LM26:
 294 016e 8CED      		ldi r24,lo8(1500)
 295 0170 95E0      		ldi r25,hi8(1500)
 296 0172 64E1      		ldi r22,lo8(20)
 297 0174 70E0      		ldi r23,hi8(20)
 298 0176 0E94 0000 		call linespin
 299 017a 00C0      		rjmp .L53
 300               	.L54:
 301               	.LM27:
 302 017c 84EF      		ldi r24,lo8(500)
 303 017e 91E0      		ldi r25,hi8(500)
 304 0180 0E94 0000 		call delay_ms
 305               	.L53:
 306 0184 8091 0000 		lds r24,xit
 307 0188 9091 0000 		lds r25,(xit)+1
 308 018c 0197      		sbiw r24,1
 309 018e 01F0      		breq .L54
 310               	.LM28:
 311 0190 80EA      		ldi r24,lo8(4000)
 312 0192 9FE0      		ldi r25,hi8(4000)
 313 0194 6AE0      		ldi r22,lo8(10)
 314 0196 70E0      		ldi r23,hi8(10)
 315 0198 0E94 0000 		call sinelines
 316 019c 00C0      		rjmp .L55
 317               	.L56:
 318               	.LM29:
 319 019e 84EF      		ldi r24,lo8(500)
 320 01a0 91E0      		ldi r25,hi8(500)
 321 01a2 0E94 0000 		call delay_ms
 322               	.L55:
 323 01a6 8091 0000 		lds r24,xit
 324 01aa 9091 0000 		lds r25,(xit)+1
 325 01ae 0197      		sbiw r24,1
 326 01b0 01F0      		breq .L56
 327               	.LM30:
 328 01b2 80E0      		ldi r24,lo8(0)
 329 01b4 0E94 0000 		call fill
 330               	.LM31:
 331 01b8 80EB      		ldi r24,lo8(1200)
 332 01ba 94E0      		ldi r25,hi8(1200)
 333 01bc 6CE0      		ldi r22,lo8(12)
 334 01be 43E0      		ldi r20,lo8(3)
 335 01c0 50E0      		ldi r21,hi8(3)
 336 01c2 0E94 0000 		call effect_path_bitmap
 337               	.LM32:
 338 01c6 8091 0000 		lds r24,xit
 339 01ca 9091 0000 		lds r25,(xit)+1
 340 01ce 0197      		sbiw r24,1
 341 01d0 01F4      		brne .+2
 342 01d2 00C0      		rjmp .L144
 343               	.LM33:
 344 01d4 84E8      		ldi r24,lo8(900)
 345 01d6 93E0      		ldi r25,hi8(900)
 346 01d8 6CE0      		ldi r22,lo8(12)
 347 01da 43E0      		ldi r20,lo8(3)
 348 01dc 50E0      		ldi r21,hi8(3)
 349 01de 0E94 0000 		call effect_path_bitmap
 350               	.LM34:
 351 01e2 8091 0000 		lds r24,xit
 352 01e6 9091 0000 		lds r25,(xit)+1
 353 01ea 0197      		sbiw r24,1
 354 01ec 01F0      		breq .L144
 355               	.LM35:
 356 01ee 88E5      		ldi r24,lo8(600)
 357 01f0 92E0      		ldi r25,hi8(600)
 358 01f2 6CE0      		ldi r22,lo8(12)
 359 01f4 43E0      		ldi r20,lo8(3)
 360 01f6 50E0      		ldi r21,hi8(3)
 361 01f8 0E94 0000 		call effect_path_bitmap
 362               	.LM36:
 363 01fc 8091 0000 		lds r24,xit
 364 0200 9091 0000 		lds r25,(xit)+1
 365 0204 0197      		sbiw r24,1
 366 0206 01F0      		breq .L144
 367               	.LM37:
 368 0208 8CE2      		ldi r24,lo8(300)
 369 020a 91E0      		ldi r25,hi8(300)
 370 020c 6CE0      		ldi r22,lo8(12)
 371 020e 43E0      		ldi r20,lo8(3)
 372 0210 50E0      		ldi r21,hi8(3)
 373 0212 0E94 0000 		call effect_path_bitmap
 374               	.LM38:
 375 0216 8091 0000 		lds r24,xit
 376 021a 9091 0000 		lds r25,(xit)+1
 377 021e 0197      		sbiw r24,1
 378 0220 01F0      		breq .L144
 379               	.LM39:
 380 0222 84E6      		ldi r24,lo8(100)
 381 0224 90E0      		ldi r25,hi8(100)
 382 0226 6CE0      		ldi r22,lo8(12)
 383 0228 43E0      		ldi r20,lo8(3)
 384 022a 50E0      		ldi r21,hi8(3)
 385 022c 0E94 0000 		call effect_path_bitmap
 386               	.LM40:
 387 0230 8091 0000 		lds r24,xit
 388 0234 9091 0000 		lds r25,(xit)+1
 389 0238 0197      		sbiw r24,1
 390 023a 01F0      		breq .L144
 391               	.LM41:
 392 023c 8AE0      		ldi r24,lo8(10)
 393 023e 90E0      		ldi r25,hi8(10)
 394 0240 6CE0      		ldi r22,lo8(12)
 395 0242 43E0      		ldi r20,lo8(3)
 396 0244 50E0      		ldi r21,hi8(3)
 397 0246 0E94 0000 		call effect_path_bitmap
 398 024a 00C0      		rjmp .L144
 399               	.L58:
 400               	.LM42:
 401 024c 84EF      		ldi r24,lo8(500)
 402 024e 91E0      		ldi r25,hi8(500)
 403 0250 0E94 0000 		call delay_ms
 404               	.L144:
 405 0254 8091 0000 		lds r24,xit
 406 0258 9091 0000 		lds r25,(xit)+1
 407 025c 0197      		sbiw r24,1
 408 025e 01F0      		breq .L58
 409               	.LM43:
 410 0260 8CE2      		ldi r24,lo8(300)
 411 0262 91E0      		ldi r25,hi8(300)
 412 0264 64EF      		ldi r22,lo8(500)
 413 0266 71E0      		ldi r23,hi8(500)
 414 0268 0E94 0000 		call squarespiral
 415 026c 00C0      		rjmp .L59
 416               	.L60:
 417               	.LM44:
 418 026e 84EF      		ldi r24,lo8(500)
 419 0270 91E0      		ldi r25,hi8(500)
 420 0272 0E94 0000 		call delay_ms
 421               	.L59:
 422 0276 8091 0000 		lds r24,xit
 423 027a 9091 0000 		lds r25,(xit)+1
 424 027e 0197      		sbiw r24,1
 425 0280 01F0      		breq .L60
 426               	.LM45:
 427 0282 88EC      		ldi r24,lo8(200)
 428 0284 90E0      		ldi r25,hi8(200)
 429 0286 64E8      		ldi r22,lo8(900)
 430 0288 73E0      		ldi r23,hi8(900)
 431 028a 0E94 0000 		call squarespiral2
 432 028e 00C0      		rjmp .L61
 433               	.L62:
 434               	.LM46:
 435 0290 84EF      		ldi r24,lo8(500)
 436 0292 91E0      		ldi r25,hi8(500)
 437 0294 0E94 0000 		call delay_ms
 438               	.L61:
 439 0298 8091 0000 		lds r24,xit
 440 029c 9091 0000 		lds r25,(xit)+1
 441 02a0 0197      		sbiw r24,1
 442 02a2 01F0      		breq .L62
 443               	.LM47:
 444 02a4 8CE2      		ldi r24,lo8(300)
 445 02a6 91E0      		ldi r25,hi8(300)
 446 02a8 64EF      		ldi r22,lo8(500)
 447 02aa 71E0      		ldi r23,hi8(500)
 448 02ac 0E94 0000 		call side_ripples
 449 02b0 00C0      		rjmp .L63
 450               	.L64:
 451               	.LM48:
 452 02b2 84EF      		ldi r24,lo8(500)
 453 02b4 91E0      		ldi r25,hi8(500)
 454 02b6 0E94 0000 		call delay_ms
 455               	.L63:
 456 02ba 8091 0000 		lds r24,xit
 457 02be 9091 0000 		lds r25,(xit)+1
 458 02c2 0197      		sbiw r24,1
 459 02c4 01F0      		breq .L64
 460               	.LM49:
 461 02c6 88E5      		ldi r24,lo8(600)
 462 02c8 92E0      		ldi r25,hi8(600)
 463 02ca 6CE2      		ldi r22,lo8(300)
 464 02cc 71E0      		ldi r23,hi8(300)
 465 02ce 0E94 0000 		call quad_ripples
 466 02d2 00C0      		rjmp .L65
 467               	.L66:
 468               	.LM50:
 469 02d4 84EF      		ldi r24,lo8(500)
 470 02d6 91E0      		ldi r25,hi8(500)
 471 02d8 0E94 0000 		call delay_ms
 472               	.L65:
 473 02dc 8091 0000 		lds r24,xit
 474 02e0 9091 0000 		lds r25,(xit)+1
 475 02e4 0197      		sbiw r24,1
 476 02e6 01F0      		breq .L66
 477 02e8 00C0      		rjmp .L137
 478               	.LVL18:
 479               	.L6:
 480               	.LM51:
 481 02ea 8CEB      		ldi r24,lo8(700)
 482 02ec 92E0      		ldi r25,hi8(700)
 483 02ee 66E0      		ldi r22,lo8(6)
 484 02f0 44E0      		ldi r20,lo8(4)
 485 02f2 50E0      		ldi r21,hi8(4)
 486 02f4 0E94 0000 		call effect_path_bitmap
 487               	.LVL19:
 488 02f8 00C0      		rjmp .L67
 489               	.L68:
 490               	.LM52:
 491 02fa 84EF      		ldi r24,lo8(500)
 492 02fc 91E0      		ldi r25,hi8(500)
 493 02fe 0E94 0000 		call delay_ms
 494               	.L67:
 495 0302 8091 0000 		lds r24,xit
 496 0306 9091 0000 		lds r25,(xit)+1
 497 030a 0197      		sbiw r24,1
 498 030c 01F0      		breq .L68
 499 030e 00C0      		rjmp .L137
 500               	.LVL20:
 501               	.L7:
 502               	.LM53:
 503 0310 84E1      		ldi r24,lo8(20)
 504 0312 90E0      		ldi r25,hi8(20)
 505 0314 6CED      		ldi r22,lo8(220)
 506 0316 70E0      		ldi r23,hi8(220)
 507 0318 40ED      		ldi r20,lo8(2000)
 508 031a 57E0      		ldi r21,hi8(2000)
 509 031c 0E94 0000 		call sendvoxels_rand_z
 510               	.LVL21:
 511 0320 00C0      		rjmp .L69
 512               	.L70:
 513               	.LM54:
 514 0322 84EF      		ldi r24,lo8(500)
 515 0324 91E0      		ldi r25,hi8(500)
 516 0326 0E94 0000 		call delay_ms
 517               	.L69:
 518 032a 8091 0000 		lds r24,xit
 519 032e 9091 0000 		lds r25,(xit)+1
 520 0332 0197      		sbiw r24,1
 521 0334 01F0      		breq .L70
 522 0336 00C0      		rjmp .L137
 523               	.LVL22:
 524               	.L8:
 525               	.LM55:
 526 0338 85E0      		ldi r24,lo8(5)
 527 033a 90E0      		ldi r25,hi8(5)
 528 033c 61E0      		ldi r22,lo8(1)
 529 033e 70E0      		ldi r23,hi8(1)
 530 0340 0E94 0000 		call effect_random_filler
 531               	.LVL23:
 532               	.LM56:
 533 0344 8091 0000 		lds r24,xit
 534 0348 9091 0000 		lds r25,(xit)+1
 535 034c 0197      		sbiw r24,1
 536 034e 01F0      		breq .L145
 537               	.LM57:
 538 0350 85E0      		ldi r24,lo8(5)
 539 0352 90E0      		ldi r25,hi8(5)
 540 0354 60E0      		ldi r22,lo8(0)
 541 0356 70E0      		ldi r23,hi8(0)
 542 0358 0E94 0000 		call effect_random_filler
 543               	.LM58:
 544 035c 8091 0000 		lds r24,xit
 545 0360 9091 0000 		lds r25,(xit)+1
 546 0364 0197      		sbiw r24,1
 547 0366 01F0      		breq .L145
 548               	.LM59:
 549 0368 85E0      		ldi r24,lo8(5)
 550 036a 90E0      		ldi r25,hi8(5)
 551 036c 61E0      		ldi r22,lo8(1)
 552 036e 70E0      		ldi r23,hi8(1)
 553 0370 0E94 0000 		call effect_random_filler
 554               	.LM60:
 555 0374 8091 0000 		lds r24,xit
 556 0378 9091 0000 		lds r25,(xit)+1
 557 037c 0197      		sbiw r24,1
 558 037e 01F0      		breq .L145
 559               	.LM61:
 560 0380 85E0      		ldi r24,lo8(5)
 561 0382 90E0      		ldi r25,hi8(5)
 562 0384 60E0      		ldi r22,lo8(0)
 563 0386 70E0      		ldi r23,hi8(0)
 564 0388 0E94 0000 		call effect_random_filler
 565 038c 00C0      		rjmp .L145
 566               	.L72:
 567               	.LM62:
 568 038e 84EF      		ldi r24,lo8(500)
 569 0390 91E0      		ldi r25,hi8(500)
 570 0392 0E94 0000 		call delay_ms
 571               	.L145:
 572 0396 8091 0000 		lds r24,xit
 573 039a 9091 0000 		lds r25,(xit)+1
 574 039e 0197      		sbiw r24,1
 575 03a0 01F0      		breq .L72
 576 03a2 00C0      		rjmp .L137
 577               	.LVL24:
 578               	.L9:
 579               	.LM63:
 580 03a4 84E1      		ldi r24,lo8(20)
 581 03a6 90E0      		ldi r25,hi8(20)
 582 03a8 68EE      		ldi r22,lo8(1000)
 583 03aa 73E0      		ldi r23,hi8(1000)
 584 03ac 0E94 0000 		call effect_z_updown
 585               	.LVL25:
 586 03b0 00C0      		rjmp .L73
 587               	.L74:
 588               	.LM64:
 589 03b2 84EF      		ldi r24,lo8(500)
 590 03b4 91E0      		ldi r25,hi8(500)
 591 03b6 0E94 0000 		call delay_ms
 592               	.L73:
 593 03ba 8091 0000 		lds r24,xit
 594 03be 9091 0000 		lds r25,(xit)+1
 595 03c2 0197      		sbiw r24,1
 596 03c4 01F0      		breq .L74
 597 03c6 00C0      		rjmp .L137
 598               	.LVL26:
 599               	.L10:
 600               	.LM65:
 601 03c8 82E0      		ldi r24,lo8(2)
 602 03ca 90E0      		ldi r25,hi8(2)
 603 03cc 6AE7      		ldi r22,lo8(122)
 604 03ce 70E0      		ldi r23,hi8(122)
 605 03d0 4FEF      		ldi r20,lo8(-1)
 606 03d2 5FEF      		ldi r21,hi8(-1)
 607 03d4 24E6      		ldi r18,lo8(100)
 608 03d6 30E0      		ldi r19,hi8(100)
 609 03d8 08EE      		ldi r16,lo8(1000)
 610 03da 13E0      		ldi r17,hi8(1000)
 611 03dc 0E94 0000 		call effect_wormsqueeze
 612               	.LVL27:
 613 03e0 00C0      		rjmp .L75
 614               	.L76:
 615               	.LM66:
 616 03e2 84EF      		ldi r24,lo8(500)
 617 03e4 91E0      		ldi r25,hi8(500)
 618 03e6 0E94 0000 		call delay_ms
 619               	.L75:
 620 03ea 8091 0000 		lds r24,xit
 621 03ee 9091 0000 		lds r25,(xit)+1
 622 03f2 0197      		sbiw r24,1
 623 03f4 01F0      		breq .L76
 624 03f6 00C0      		rjmp .L137
 625               	.LVL28:
 626               	.L11:
 627               	.LM67:
 628 03f8 0E94 0000 		call effect_blinky2
 629               	.LVL29:
 630 03fc 00C0      		rjmp .L77
 631               	.L78:
 632               	.LM68:
 633 03fe 84EF      		ldi r24,lo8(500)
 634 0400 91E0      		ldi r25,hi8(500)
 635 0402 0E94 0000 		call delay_ms
 636               	.L77:
 637 0406 8091 0000 		lds r24,xit
 638 040a 9091 0000 		lds r25,(xit)+1
 639 040e 0197      		sbiw r24,1
 640 0410 01F0      		breq .L78
 641 0412 00C0      		rjmp .L137
 642               	.LVL30:
 643               	.L12:
 644               	.LM69:
 645 0414 88E5      		ldi r24,lo8(600)
 646 0416 92E0      		ldi r25,hi8(600)
 647 0418 60E9      		ldi r22,lo8(400)
 648 041a 71E0      		ldi r23,hi8(400)
 649 041c 0E94 0000 		call mirror_ripples
 650               	.LVL31:
 651 0420 00C0      		rjmp .L79
 652               	.L80:
 653               	.LM70:
 654 0422 84EF      		ldi r24,lo8(500)
 655 0424 91E0      		ldi r25,hi8(500)
 656 0426 0E94 0000 		call delay_ms
 657               	.L79:
 658 042a 8091 0000 		lds r24,xit
 659 042e 9091 0000 		lds r25,(xit)+1
 660 0432 0197      		sbiw r24,1
 661 0434 01F0      		breq .L80
 662 0436 00C0      		rjmp .L13
 663               	.LVL32:
 664               	.L40:
 665               	.LM71:
 666 0438 B801      		movw r22,r16
 667 043a 6370      		andi r22,lo8(3)
 668 043c 7070      		andi r23,hi8(3)
 669 043e A801      		movw r20,r16
 670 0440 4470      		andi r20,lo8(4)
 671 0442 5070      		andi r21,hi8(4)
 672 0444 81E0      		ldi r24,lo8(1)
 673 0446 90E0      		ldi r25,hi8(1)
 674 0448 22EC      		ldi r18,lo8(450)
 675 044a 31E0      		ldi r19,hi8(450)
 676 044c 0E94 0000 		call effect_box_shrink_grow
 677               	.LVL33:
 678 0450 0F5F      		subi r16,lo8(-(1))
 679 0452 1F4F      		sbci r17,hi8(-(1))
 680               	.LM72:
 681 0454 0830      		cpi r16,8
 682 0456 1105      		cpc r17,__zero_reg__
 683 0458 01F4      		brne .L40
 684               	.LM73:
 685 045a 8091 0000 		lds r24,xit
 686 045e 9091 0000 		lds r25,(xit)+1
 687 0462 0197      		sbiw r24,1
 688 0464 01F0      		breq .L146
 689               	.LM74:
 690 0466 80E2      		ldi r24,lo8(800)
 691 0468 93E0      		ldi r25,hi8(800)
 692 046a 60E0      		ldi r22,lo8(0)
 693 046c 70E0      		ldi r23,hi8(0)
 694 046e 0E94 0000 		call effect_box_woopwoop
 695               	.LM75:
 696 0472 8091 0000 		lds r24,xit
 697 0476 9091 0000 		lds r25,(xit)+1
 698 047a 0197      		sbiw r24,1
 699 047c 01F0      		breq .L146
 700               	.LM76:
 701 047e 80E2      		ldi r24,lo8(800)
 702 0480 93E0      		ldi r25,hi8(800)
 703 0482 61E0      		ldi r22,lo8(1)
 704 0484 70E0      		ldi r23,hi8(1)
 705 0486 0E94 0000 		call effect_box_woopwoop
 706               	.LM77:
 707 048a 8091 0000 		lds r24,xit
 708 048e 9091 0000 		lds r25,(xit)+1
 709 0492 0197      		sbiw r24,1
 710 0494 01F0      		breq .L146
 711               	.LM78:
 712 0496 80E2      		ldi r24,lo8(800)
 713 0498 93E0      		ldi r25,hi8(800)
 714 049a 60E0      		ldi r22,lo8(0)
 715 049c 70E0      		ldi r23,hi8(0)
 716 049e 0E94 0000 		call effect_box_woopwoop
 717               	.LM79:
 718 04a2 8091 0000 		lds r24,xit
 719 04a6 9091 0000 		lds r25,(xit)+1
 720 04aa 0197      		sbiw r24,1
 721 04ac 01F0      		breq .L146
 722               	.LM80:
 723 04ae 80E2      		ldi r24,lo8(800)
 724 04b0 93E0      		ldi r25,hi8(800)
 725 04b2 61E0      		ldi r22,lo8(1)
 726 04b4 70E0      		ldi r23,hi8(1)
 727 04b6 0E94 0000 		call effect_box_woopwoop
 728 04ba 00C0      		rjmp .L146
 729               	.L82:
 730               	.LM81:
 731 04bc 84EF      		ldi r24,lo8(500)
 732 04be 91E0      		ldi r25,hi8(500)
 733 04c0 0E94 0000 		call delay_ms
 734               	.L146:
 735 04c4 8091 0000 		lds r24,xit
 736 04c8 9091 0000 		lds r25,(xit)+1
 737 04cc 0197      		sbiw r24,1
 738 04ce 01F0      		breq .L82
 739 04d0 00C0      		rjmp .L137
 740               	.LVL34:
 741               	.L14:
 742               	.LM82:
 743 04d2 8AE7      		ldi r24,lo8(122)
 744 04d4 90E0      		ldi r25,hi8(122)
 745 04d6 68E5      		ldi r22,lo8(600)
 746 04d8 72E0      		ldi r23,hi8(600)
 747 04da 0E94 0000 		call effect_planboing2
 748               	.LVL35:
 749               	.LM83:
 750 04de 8091 0000 		lds r24,xit
 751 04e2 9091 0000 		lds r25,(xit)+1
 752 04e6 0197      		sbiw r24,1
 753 04e8 01F4      		brne .+2
 754 04ea 00C0      		rjmp .L147
 755               	.LM84:
 756 04ec 88E7      		ldi r24,lo8(120)
 757 04ee 90E0      		ldi r25,hi8(120)
 758 04f0 68E5      		ldi r22,lo8(600)
 759 04f2 72E0      		ldi r23,hi8(600)
 760 04f4 0E94 0000 		call effect_planboing2
 761               	.LM85:
 762 04f8 8091 0000 		lds r24,xit
 763 04fc 9091 0000 		lds r25,(xit)+1
 764 0500 0197      		sbiw r24,1
 765 0502 01F4      		brne .+2
 766 0504 00C0      		rjmp .L147
 767               	.LM86:
 768 0506 89E7      		ldi r24,lo8(121)
 769 0508 90E0      		ldi r25,hi8(121)
 770 050a 68E5      		ldi r22,lo8(600)
 771 050c 72E0      		ldi r23,hi8(600)
 772 050e 0E94 0000 		call effect_planboing2
 773               	.LM87:
 774 0512 8091 0000 		lds r24,xit
 775 0516 9091 0000 		lds r25,(xit)+1
 776 051a 0197      		sbiw r24,1
 777 051c 01F4      		brne .+2
 778 051e 00C0      		rjmp .L147
 779               	.LM88:
 780 0520 8AE7      		ldi r24,lo8(122)
 781 0522 90E0      		ldi r25,hi8(122)
 782 0524 68E5      		ldi r22,lo8(600)
 783 0526 72E0      		ldi r23,hi8(600)
 784 0528 0E94 0000 		call effect_planboing2
 785               	.LM89:
 786 052c 8091 0000 		lds r24,xit
 787 0530 9091 0000 		lds r25,(xit)+1
 788 0534 0197      		sbiw r24,1
 789 0536 01F4      		brne .+2
 790 0538 00C0      		rjmp .L147
 791               	.LM90:
 792 053a 88E7      		ldi r24,lo8(120)
 793 053c 90E0      		ldi r25,hi8(120)
 794 053e 68E5      		ldi r22,lo8(600)
 795 0540 72E0      		ldi r23,hi8(600)
 796 0542 0E94 0000 		call effect_planboing2
 797               	.LM91:
 798 0546 8091 0000 		lds r24,xit
 799 054a 9091 0000 		lds r25,(xit)+1
 800 054e 0197      		sbiw r24,1
 801 0550 01F4      		brne .+2
 802 0552 00C0      		rjmp .L147
 803               	.LM92:
 804 0554 89E7      		ldi r24,lo8(121)
 805 0556 90E0      		ldi r25,hi8(121)
 806 0558 68E5      		ldi r22,lo8(600)
 807 055a 72E0      		ldi r23,hi8(600)
 808 055c 0E94 0000 		call effect_planboing2
 809               	.LM93:
 810 0560 8091 0000 		lds r24,xit
 811 0564 9091 0000 		lds r25,(xit)+1
 812 0568 0197      		sbiw r24,1
 813 056a 01F4      		brne .+2
 814 056c 00C0      		rjmp .L147
 815               	.LM94:
 816 056e 8AE7      		ldi r24,lo8(122)
 817 0570 90E0      		ldi r25,hi8(122)
 818 0572 68E5      		ldi r22,lo8(600)
 819 0574 72E0      		ldi r23,hi8(600)
 820 0576 0E94 0000 		call effect_planboing
 821               	.LM95:
 822 057a 8091 0000 		lds r24,xit
 823 057e 9091 0000 		lds r25,(xit)+1
 824 0582 0197      		sbiw r24,1
 825 0584 01F4      		brne .+2
 826 0586 00C0      		rjmp .L147
 827               	.LM96:
 828 0588 88E7      		ldi r24,lo8(120)
 829 058a 90E0      		ldi r25,hi8(120)
 830 058c 68E5      		ldi r22,lo8(600)
 831 058e 72E0      		ldi r23,hi8(600)
 832 0590 0E94 0000 		call effect_planboing
 833               	.LM97:
 834 0594 8091 0000 		lds r24,xit
 835 0598 9091 0000 		lds r25,(xit)+1
 836 059c 0197      		sbiw r24,1
 837 059e 01F0      		breq .L147
 838               	.LM98:
 839 05a0 89E7      		ldi r24,lo8(121)
 840 05a2 90E0      		ldi r25,hi8(121)
 841 05a4 68E5      		ldi r22,lo8(600)
 842 05a6 72E0      		ldi r23,hi8(600)
 843 05a8 0E94 0000 		call effect_planboing
 844               	.LM99:
 845 05ac 8091 0000 		lds r24,xit
 846 05b0 9091 0000 		lds r25,(xit)+1
 847 05b4 0197      		sbiw r24,1
 848 05b6 01F0      		breq .L147
 849               	.LM100:
 850 05b8 8AE7      		ldi r24,lo8(122)
 851 05ba 90E0      		ldi r25,hi8(122)
 852 05bc 68E5      		ldi r22,lo8(600)
 853 05be 72E0      		ldi r23,hi8(600)
 854 05c0 0E94 0000 		call effect_planboing
 855               	.LM101:
 856 05c4 8091 0000 		lds r24,xit
 857 05c8 9091 0000 		lds r25,(xit)+1
 858 05cc 0197      		sbiw r24,1
 859 05ce 01F0      		breq .L147
 860               	.LM102:
 861 05d0 88E7      		ldi r24,lo8(120)
 862 05d2 90E0      		ldi r25,hi8(120)
 863 05d4 68E5      		ldi r22,lo8(600)
 864 05d6 72E0      		ldi r23,hi8(600)
 865 05d8 0E94 0000 		call effect_planboing
 866               	.LM103:
 867 05dc 8091 0000 		lds r24,xit
 868 05e0 9091 0000 		lds r25,(xit)+1
 869 05e4 0197      		sbiw r24,1
 870 05e6 01F0      		breq .L147
 871               	.LM104:
 872 05e8 89E7      		ldi r24,lo8(121)
 873 05ea 90E0      		ldi r25,hi8(121)
 874 05ec 68E5      		ldi r22,lo8(600)
 875 05ee 72E0      		ldi r23,hi8(600)
 876 05f0 0E94 0000 		call effect_planboing
 877 05f4 00C0      		rjmp .L147
 878               	.L84:
 879               	.LM105:
 880 05f6 84EF      		ldi r24,lo8(500)
 881 05f8 91E0      		ldi r25,hi8(500)
 882 05fa 0E94 0000 		call delay_ms
 883               	.L147:
 884 05fe 8091 0000 		lds r24,xit
 885 0602 9091 0000 		lds r25,(xit)+1
 886 0606 0197      		sbiw r24,1
 887 0608 01F0      		breq .L84
 888 060a 00C0      		rjmp .L152
 889               	.LVL36:
 890               	.L15:
 891               	.LM106:
 892 060c 80E0      		ldi r24,lo8(0)
 893 060e 0E94 0000 		call fill
 894               	.LVL37:
 895               	.LM107:
 896 0612 80E0      		ldi r24,lo8(0)
 897 0614 90E0      		ldi r25,hi8(0)
 898 0616 60E2      		ldi r22,lo8(800)
 899 0618 73E0      		ldi r23,hi8(800)
 900 061a 4FEF      		ldi r20,lo8(255)
 901 061c 50E0      		ldi r21,hi8(255)
 902 061e 0E94 0000 		call effect_telcstairs
 903               	.LM108:
 904 0622 80E0      		ldi r24,lo8(0)
 905 0624 90E0      		ldi r25,hi8(0)
 906 0626 60E2      		ldi r22,lo8(800)
 907 0628 73E0      		ldi r23,hi8(800)
 908 062a 40E0      		ldi r20,lo8(0)
 909 062c 50E0      		ldi r21,hi8(0)
 910 062e 0E94 0000 		call effect_telcstairs
 911               	.LM109:
 912 0632 81E0      		ldi r24,lo8(1)
 913 0634 90E0      		ldi r25,hi8(1)
 914 0636 60E2      		ldi r22,lo8(800)
 915 0638 73E0      		ldi r23,hi8(800)
 916 063a 4FEF      		ldi r20,lo8(255)
 917 063c 50E0      		ldi r21,hi8(255)
 918 063e 0E94 0000 		call effect_telcstairs
 919               	.LM110:
 920 0642 81E0      		ldi r24,lo8(1)
 921 0644 90E0      		ldi r25,hi8(1)
 922 0646 60E2      		ldi r22,lo8(800)
 923 0648 73E0      		ldi r23,hi8(800)
 924 064a 40E0      		ldi r20,lo8(0)
 925 064c 50E0      		ldi r21,hi8(0)
 926 064e 0E94 0000 		call effect_telcstairs
 927 0652 00C0      		rjmp .L137
 928               	.LVL38:
 929               	.L16:
 930               	.LM111:
 931 0654 8AE7      		ldi r24,lo8(122)
 932 0656 66E2      		ldi r22,lo8(550)
 933 0658 72E0      		ldi r23,hi8(550)
 934 065a 48E8      		ldi r20,lo8(5000)
 935 065c 53E1      		ldi r21,hi8(5000)
 936 065e 20E0      		ldi r18,lo8(0)
 937 0660 30E0      		ldi r19,hi8(0)
 938 0662 0E94 0000 		call effect_axis_updown_randsuspend
 939               	.LVL39:
 940               	.LM112:
 941 0666 8091 0000 		lds r24,xit
 942 066a 9091 0000 		lds r25,(xit)+1
 943 066e 0197      		sbiw r24,1
 944 0670 01F4      		brne .+2
 945 0672 00C0      		rjmp .L148
 946               	.LM113:
 947 0674 8AE7      		ldi r24,lo8(122)
 948 0676 66E2      		ldi r22,lo8(550)
 949 0678 72E0      		ldi r23,hi8(550)
 950 067a 48E8      		ldi r20,lo8(5000)
 951 067c 53E1      		ldi r21,hi8(5000)
 952 067e 21E0      		ldi r18,lo8(1)
 953 0680 30E0      		ldi r19,hi8(1)
 954 0682 0E94 0000 		call effect_axis_updown_randsuspend
 955               	.LM114:
 956 0686 8091 0000 		lds r24,xit
 957 068a 9091 0000 		lds r25,(xit)+1
 958 068e 0197      		sbiw r24,1
 959 0690 01F4      		brne .+2
 960 0692 00C0      		rjmp .L148
 961               	.LM115:
 962 0694 8AE7      		ldi r24,lo8(122)
 963 0696 66E2      		ldi r22,lo8(550)
 964 0698 72E0      		ldi r23,hi8(550)
 965 069a 48E8      		ldi r20,lo8(5000)
 966 069c 53E1      		ldi r21,hi8(5000)
 967 069e 20E0      		ldi r18,lo8(0)
 968 06a0 30E0      		ldi r19,hi8(0)
 969 06a2 0E94 0000 		call effect_axis_updown_randsuspend
 970               	.LM116:
 971 06a6 8091 0000 		lds r24,xit
 972 06aa 9091 0000 		lds r25,(xit)+1
 973 06ae 0197      		sbiw r24,1
 974 06b0 01F4      		brne .+2
 975 06b2 00C0      		rjmp .L148
 976               	.LM117:
 977 06b4 8AE7      		ldi r24,lo8(122)
 978 06b6 66E2      		ldi r22,lo8(550)
 979 06b8 72E0      		ldi r23,hi8(550)
 980 06ba 48E8      		ldi r20,lo8(5000)
 981 06bc 53E1      		ldi r21,hi8(5000)
 982 06be 21E0      		ldi r18,lo8(1)
 983 06c0 30E0      		ldi r19,hi8(1)
 984 06c2 0E94 0000 		call effect_axis_updown_randsuspend
 985               	.LM118:
 986 06c6 8091 0000 		lds r24,xit
 987 06ca 9091 0000 		lds r25,(xit)+1
 988 06ce 0197      		sbiw r24,1
 989 06d0 01F0      		breq .L148
 990               	.LM119:
 991 06d2 88E7      		ldi r24,lo8(120)
 992 06d4 66E2      		ldi r22,lo8(550)
 993 06d6 72E0      		ldi r23,hi8(550)
 994 06d8 48E8      		ldi r20,lo8(5000)
 995 06da 53E1      		ldi r21,hi8(5000)
 996 06dc 20E0      		ldi r18,lo8(0)
 997 06de 30E0      		ldi r19,hi8(0)
 998 06e0 0E94 0000 		call effect_axis_updown_randsuspend
 999               	.LM120:
 1000 06e4 8091 0000 		lds r24,xit
 1001 06e8 9091 0000 		lds r25,(xit)+1
 1002 06ec 0197      		sbiw r24,1
 1003 06ee 01F0      		breq .L148
 1004               	.LM121:
 1005 06f0 88E7      		ldi r24,lo8(120)
 1006 06f2 66E2      		ldi r22,lo8(550)
 1007 06f4 72E0      		ldi r23,hi8(550)
 1008 06f6 48E8      		ldi r20,lo8(5000)
 1009 06f8 53E1      		ldi r21,hi8(5000)
 1010 06fa 21E0      		ldi r18,lo8(1)
 1011 06fc 30E0      		ldi r19,hi8(1)
 1012 06fe 0E94 0000 		call effect_axis_updown_randsuspend
 1013               	.LM122:
 1014 0702 8091 0000 		lds r24,xit
 1015 0706 9091 0000 		lds r25,(xit)+1
 1016 070a 0197      		sbiw r24,1
 1017 070c 01F0      		breq .L148
 1018               	.LM123:
 1019 070e 89E7      		ldi r24,lo8(121)
 1020 0710 66E2      		ldi r22,lo8(550)
 1021 0712 72E0      		ldi r23,hi8(550)
 1022 0714 48E8      		ldi r20,lo8(5000)
 1023 0716 53E1      		ldi r21,hi8(5000)
 1024 0718 20E0      		ldi r18,lo8(0)
 1025 071a 30E0      		ldi r19,hi8(0)
 1026 071c 0E94 0000 		call effect_axis_updown_randsuspend
 1027               	.LM124:
 1028 0720 8091 0000 		lds r24,xit
 1029 0724 9091 0000 		lds r25,(xit)+1
 1030 0728 0197      		sbiw r24,1
 1031 072a 01F0      		breq .L148
 1032               	.LM125:
 1033 072c 89E7      		ldi r24,lo8(121)
 1034 072e 66E2      		ldi r22,lo8(550)
 1035 0730 72E0      		ldi r23,hi8(550)
 1036 0732 48E8      		ldi r20,lo8(5000)
 1037 0734 53E1      		ldi r21,hi8(5000)
 1038 0736 21E0      		ldi r18,lo8(1)
 1039 0738 30E0      		ldi r19,hi8(1)
 1040 073a 0E94 0000 		call effect_axis_updown_randsuspend
 1041 073e 00C0      		rjmp .L148
 1042               	.L86:
 1043               	.LM126:
 1044 0740 84EF      		ldi r24,lo8(500)
 1045 0742 91E0      		ldi r25,hi8(500)
 1046 0744 0E94 0000 		call delay_ms
 1047               	.L148:
 1048 0748 8091 0000 		lds r24,xit
 1049 074c 9091 0000 		lds r25,(xit)+1
 1050 0750 0197      		sbiw r24,1
 1051 0752 01F0      		breq .L86
 1052 0754 00C0      		rjmp .L137
 1053               	.LVL40:
 1054               	.L17:
 1055               	.LM127:
 1056 0756 8CEB      		ldi r24,lo8(700)
 1057 0758 92E0      		ldi r25,hi8(700)
 1058 075a 0E94 0000 		call effect_loadbar
 1059               	.LVL41:
 1060 075e 00C0      		rjmp .L87
 1061               	.L88:
 1062               	.LM128:
 1063 0760 84EF      		ldi r24,lo8(500)
 1064 0762 91E0      		ldi r25,hi8(500)
 1065 0764 0E94 0000 		call delay_ms
 1066               	.L87:
 1067 0768 8091 0000 		lds r24,xit
 1068 076c 9091 0000 		lds r25,(xit)+1
 1069 0770 0197      		sbiw r24,1
 1070 0772 01F0      		breq .L88
 1071 0774 00C0      		rjmp .L137
 1072               	.LVL42:
 1073               	.L18:
 1074               	.LM129:
 1075 0776 81E0      		ldi r24,lo8(1)
 1076 0778 90E0      		ldi r25,hi8(1)
 1077 077a 6AE7      		ldi r22,lo8(122)
 1078 077c 70E0      		ldi r23,hi8(122)
 1079 077e 41E0      		ldi r20,lo8(1)
 1080 0780 50E0      		ldi r21,hi8(1)
 1081 0782 24E6      		ldi r18,lo8(100)
 1082 0784 30E0      		ldi r19,hi8(100)
 1083 0786 08EE      		ldi r16,lo8(1000)
 1084 0788 13E0      		ldi r17,hi8(1000)
 1085 078a 0E94 0000 		call effect_wormsqueeze
 1086               	.LVL43:
 1087 078e 00C0      		rjmp .L89
 1088               	.L90:
 1089               	.LM130:
 1090 0790 84EF      		ldi r24,lo8(500)
 1091 0792 91E0      		ldi r25,hi8(500)
 1092 0794 0E94 0000 		call delay_ms
 1093               	.L89:
 1094 0798 8091 0000 		lds r24,xit
 1095 079c 9091 0000 		lds r25,(xit)+1
 1096 07a0 0197      		sbiw r24,1
 1097 07a2 01F0      		breq .L90
 1098 07a4 00C0      		rjmp .L137
 1099               	.LVL44:
 1100               	.L19:
 1101               	.LM131:
 1102 07a6 80E0      		ldi r24,lo8(.LC5)
 1103 07a8 90E0      		ldi r25,hi8(.LC5)
 1104 07aa 0E94 0000 		call effect_stringfly2
 1105               	.LVL45:
 1106 07ae 00C0      		rjmp .L91
 1107               	.L92:
 1108               	.LM132:
 1109 07b0 84EF      		ldi r24,lo8(500)
 1110 07b2 91E0      		ldi r25,hi8(500)
 1111 07b4 0E94 0000 		call delay_ms
 1112               	.L91:
 1113 07b8 8091 0000 		lds r24,xit
 1114 07bc 9091 0000 		lds r25,(xit)+1
 1115 07c0 0197      		sbiw r24,1
 1116 07c2 01F0      		breq .L92
 1117 07c4 00C0      		rjmp .L137
 1118               	.LVL46:
 1119               	.L20:
 1120               	.LM133:
 1121 07c6 8AE7      		ldi r24,lo8(122)
 1122 07c8 60E0      		ldi r22,lo8(0)
 1123 07ca 70E0      		ldi r23,hi8(0)
 1124 07cc 48EC      		ldi r20,lo8(200)
 1125 07ce 50E0      		ldi r21,hi8(200)
 1126 07d0 21E0      		ldi r18,lo8(1)
 1127 07d2 30E0      		ldi r19,hi8(1)
 1128 07d4 0E94 0000 		call effect_boxside_randsend_parallel
 1129               	.LVL47:
 1130               	.LM134:
 1131 07d8 8CED      		ldi r24,lo8(1500)
 1132 07da 95E0      		ldi r25,hi8(1500)
 1133 07dc 0E94 0000 		call delay_ms
 1134               	.LM135:
 1135 07e0 8AE7      		ldi r24,lo8(122)
 1136 07e2 61E0      		ldi r22,lo8(1)
 1137 07e4 70E0      		ldi r23,hi8(1)
 1138 07e6 48EC      		ldi r20,lo8(200)
 1139 07e8 50E0      		ldi r21,hi8(200)
 1140 07ea 21E0      		ldi r18,lo8(1)
 1141 07ec 30E0      		ldi r19,hi8(1)
 1142 07ee 0E94 0000 		call effect_boxside_randsend_parallel
 1143               	.LM136:
 1144 07f2 8CED      		ldi r24,lo8(1500)
 1145 07f4 95E0      		ldi r25,hi8(1500)
 1146 07f6 0E94 0000 		call delay_ms
 1147               	.LM137:
 1148 07fa 8AE7      		ldi r24,lo8(122)
 1149 07fc 60E0      		ldi r22,lo8(0)
 1150 07fe 70E0      		ldi r23,hi8(0)
 1151 0800 48EC      		ldi r20,lo8(200)
 1152 0802 50E0      		ldi r21,hi8(200)
 1153 0804 22E0      		ldi r18,lo8(2)
 1154 0806 30E0      		ldi r19,hi8(2)
 1155 0808 0E94 0000 		call effect_boxside_randsend_parallel
 1156               	.LM138:
 1157 080c 8CED      		ldi r24,lo8(1500)
 1158 080e 95E0      		ldi r25,hi8(1500)
 1159 0810 0E94 0000 		call delay_ms
 1160               	.LM139:
 1161 0814 8AE7      		ldi r24,lo8(122)
 1162 0816 61E0      		ldi r22,lo8(1)
 1163 0818 70E0      		ldi r23,hi8(1)
 1164 081a 48EC      		ldi r20,lo8(200)
 1165 081c 50E0      		ldi r21,hi8(200)
 1166 081e 22E0      		ldi r18,lo8(2)
 1167 0820 30E0      		ldi r19,hi8(2)
 1168 0822 0E94 0000 		call effect_boxside_randsend_parallel
 1169               	.LM140:
 1170 0826 8CED      		ldi r24,lo8(1500)
 1171 0828 95E0      		ldi r25,hi8(1500)
 1172 082a 0E94 0000 		call delay_ms
 1173               	.LM141:
 1174 082e 89E7      		ldi r24,lo8(121)
 1175 0830 60E0      		ldi r22,lo8(0)
 1176 0832 70E0      		ldi r23,hi8(0)
 1177 0834 48EC      		ldi r20,lo8(200)
 1178 0836 50E0      		ldi r21,hi8(200)
 1179 0838 21E0      		ldi r18,lo8(1)
 1180 083a 30E0      		ldi r19,hi8(1)
 1181 083c 0E94 0000 		call effect_boxside_randsend_parallel
 1182               	.LM142:
 1183 0840 8CED      		ldi r24,lo8(1500)
 1184 0842 95E0      		ldi r25,hi8(1500)
 1185 0844 0E94 0000 		call delay_ms
 1186               	.LM143:
 1187 0848 89E7      		ldi r24,lo8(121)
 1188 084a 61E0      		ldi r22,lo8(1)
 1189 084c 70E0      		ldi r23,hi8(1)
 1190 084e 48EC      		ldi r20,lo8(200)
 1191 0850 50E0      		ldi r21,hi8(200)
 1192 0852 21E0      		ldi r18,lo8(1)
 1193 0854 30E0      		ldi r19,hi8(1)
 1194 0856 0E94 0000 		call effect_boxside_randsend_parallel
 1195               	.LM144:
 1196 085a 8CED      		ldi r24,lo8(1500)
 1197 085c 95E0      		ldi r25,hi8(1500)
 1198 085e 0E94 0000 		call delay_ms
 1199 0862 00C0      		rjmp .L137
 1200               	.LVL48:
 1201               	.L21:
 1202               	.LM145:
 1203 0864 8AEF      		ldi r24,lo8(250)
 1204 0866 90E0      		ldi r25,hi8(250)
 1205 0868 68E5      		ldi r22,lo8(600)
 1206 086a 72E0      		ldi r23,hi8(600)
 1207 086c 41E0      		ldi r20,lo8(1)
 1208 086e 22E0      		ldi r18,lo8(2)
 1209 0870 0E94 0000 		call boingboing
 1210               	.LVL49:
 1211 0874 00C0      		rjmp .L93
 1212               	.L94:
 1213               	.LM146:
 1214 0876 84EF      		ldi r24,lo8(500)
 1215 0878 91E0      		ldi r25,hi8(500)
 1216 087a 0E94 0000 		call delay_ms
 1217               	.L93:
 1218 087e 8091 0000 		lds r24,xit
 1219 0882 9091 0000 		lds r25,(xit)+1
 1220 0886 0197      		sbiw r24,1
 1221 0888 01F0      		breq .L94
 1222 088a 00C0      		rjmp .L137
 1223               	.LVL50:
 1224               	.L22:
 1225 088c C7E0      		ldi r28,lo8(7)
 1226 088e D0E0      		ldi r29,hi8(7)
 1227               	.LVL51:
 1228               	.L97:
 1229               	.LM147:
 1230 0890 84E0      		ldi r24,lo8(4)
 1231 0892 90E0      		ldi r25,hi8(4)
 1232 0894 68EE      		ldi r22,lo8(1000)
 1233 0896 73E0      		ldi r23,hi8(1000)
 1234 0898 40E0      		ldi r20,lo8(0)
 1235 089a 0E94 0000 		call effect_smileyspin
 1236               	.LM148:
 1237 089e 8091 0000 		lds r24,xit
 1238 08a2 9091 0000 		lds r25,(xit)+1
 1239 08a6 0197      		sbiw r24,1
 1240 08a8 01F4      		brne .L95
 1241 08aa 89E0      		ldi r24,lo8(9)
 1242 08ac 90E0      		ldi r25,hi8(9)
 1243               	.LVL52:
 1244 08ae 00C0      		rjmp .L96
 1245               	.LVL53:
 1246               	.L95:
 1247 08b0 CE01      		movw r24,r28
 1248               	.LVL54:
 1249               	.L96:
 1250 08b2 C8E0      		ldi r28,lo8(8)
 1251 08b4 D0E0      		ldi r29,hi8(8)
 1252               	.LVL55:
 1253               	.LM149:
 1254 08b6 0797      		sbiw r24,7
 1255 08b8 01F0      		breq .L97
 1256               	.LVL56:
 1257 08ba 00C0      		rjmp .L151
 1258               	.LVL57:
 1259               	.L99:
 1260               	.LM150:
 1261 08bc 84EF      		ldi r24,lo8(500)
 1262 08be 91E0      		ldi r25,hi8(500)
 1263 08c0 0E94 0000 		call delay_ms
 1264               	.LVL58:
 1265               	.L151:
 1266 08c4 8091 0000 		lds r24,xit
 1267 08c8 9091 0000 		lds r25,(xit)+1
 1268 08cc 0197      		sbiw r24,1
 1269 08ce 01F0      		breq .L99
 1270 08d0 00C0      		rjmp .L137
 1271               	.LVL59:
 1272               	.L23:
 1273               	.LM151:
 1274 08d2 88EC      		ldi r24,lo8(200)
 1275 08d4 90E0      		ldi r25,hi8(200)
 1276 08d6 64EF      		ldi r22,lo8(500)
 1277 08d8 71E0      		ldi r23,hi8(500)
 1278 08da 0E94 0000 		call effect_pathspiral
 1279               	.LVL60:
 1280 08de 00C0      		rjmp .L100
 1281               	.L101:
 1282               	.LM152:
 1283 08e0 84EF      		ldi r24,lo8(500)
 1284 08e2 91E0      		ldi r25,hi8(500)
 1285 08e4 0E94 0000 		call delay_ms
 1286               	.L100:
 1287 08e8 8091 0000 		lds r24,xit
 1288 08ec 9091 0000 		lds r25,(xit)+1
 1289 08f0 0197      		sbiw r24,1
 1290 08f2 01F0      		breq .L101
 1291 08f4 00C0      		rjmp .L137
 1292               	.LVL61:
 1293               	.L24:
 1294               	.LM153:
 1295 08f6 8CEB      		ldi r24,lo8(700)
 1296 08f8 92E0      		ldi r25,hi8(700)
 1297 08fa 62E0      		ldi r22,lo8(2)
 1298 08fc 43E0      		ldi r20,lo8(3)
 1299 08fe 50E0      		ldi r21,hi8(3)
 1300 0900 0E94 0000 		call effect_path_bitmap
 1301               	.LVL62:
 1302 0904 00C0      		rjmp .L102
 1303               	.L103:
 1304               	.LM154:
 1305 0906 84EF      		ldi r24,lo8(500)
 1306 0908 91E0      		ldi r25,hi8(500)
 1307 090a 0E94 0000 		call delay_ms
 1308               	.L102:
 1309 090e 8091 0000 		lds r24,xit
 1310 0912 9091 0000 		lds r25,(xit)+1
 1311 0916 0197      		sbiw r24,1
 1312 0918 01F0      		breq .L103
 1313 091a 00C0      		rjmp .L137
 1314               	.LVL63:
 1315               	.L25:
 1316               	.LM155:
 1317 091c 82E0      		ldi r24,lo8(2)
 1318 091e 90E0      		ldi r25,hi8(2)
 1319 0920 68EE      		ldi r22,lo8(1000)
 1320 0922 73E0      		ldi r23,hi8(1000)
 1321 0924 41E0      		ldi r20,lo8(1)
 1322 0926 0E94 0000 		call effect_smileyspin
 1323               	.LVL64:
 1324 092a 00C0      		rjmp .L104
 1325               	.L105:
 1326               	.LM156:
 1327 092c 84EF      		ldi r24,lo8(500)
 1328 092e 91E0      		ldi r25,hi8(500)
 1329 0930 0E94 0000 		call delay_ms
 1330               	.L104:
 1331 0934 8091 0000 		lds r24,xit
 1332 0938 9091 0000 		lds r25,(xit)+1
 1333 093c 0197      		sbiw r24,1
 1334 093e 01F0      		breq .L105
 1335 0940 00C0      		rjmp .L137
 1336               	.LVL65:
 1337               	.L26:
 1338               	.LM157:
 1339 0942 88EE      		ldi r24,lo8(1000)
 1340 0944 93E0      		ldi r25,hi8(1000)
 1341 0946 60E0      		ldi r22,lo8(.LC6)
 1342 0948 70E0      		ldi r23,hi8(.LC6)
 1343 094a 0E94 0000 		call effect_path_text
 1344               	.LVL66:
 1345 094e 00C0      		rjmp .L106
 1346               	.L107:
 1347               	.LM158:
 1348 0950 84EF      		ldi r24,lo8(500)
 1349 0952 91E0      		ldi r25,hi8(500)
 1350 0954 0E94 0000 		call delay_ms
 1351               	.L106:
 1352 0958 8091 0000 		lds r24,xit
 1353 095c 9091 0000 		lds r25,(xit)+1
 1354 0960 0197      		sbiw r24,1
 1355 0962 01F0      		breq .L107
 1356 0964 00C0      		rjmp .L137
 1357               	.LVL67:
 1358               	.L27:
 1359               	.LM159:
 1360 0966 88EC      		ldi r24,lo8(200)
 1361 0968 90E0      		ldi r25,hi8(200)
 1362 096a 64EF      		ldi r22,lo8(500)
 1363 096c 71E0      		ldi r23,hi8(500)
 1364 096e 0E94 0000 		call effect_rand_patharound
 1365               	.LVL68:
 1366 0972 00C0      		rjmp .L108
 1367               	.L109:
 1368               	.LM160:
 1369 0974 84EF      		ldi r24,lo8(500)
 1370 0976 91E0      		ldi r25,hi8(500)
 1371 0978 0E94 0000 		call delay_ms
 1372               	.L108:
 1373 097c 8091 0000 		lds r24,xit
 1374 0980 9091 0000 		lds r25,(xit)+1
 1375 0984 0197      		sbiw r24,1
 1376 0986 01F0      		breq .L109
 1377 0988 00C0      		rjmp .L137
 1378               	.LVL69:
 1379               	.L28:
 1380               	.LM161:
 1381 098a 0E94 0000 		call effect_blinky2
 1382               	.LVL70:
 1383 098e 00C0      		rjmp .L110
 1384               	.L111:
 1385               	.LM162:
 1386 0990 84EF      		ldi r24,lo8(500)
 1387 0992 91E0      		ldi r25,hi8(500)
 1388 0994 0E94 0000 		call delay_ms
 1389               	.L110:
 1390 0998 8091 0000 		lds r24,xit
 1391 099c 9091 0000 		lds r25,(xit)+1
 1392 09a0 0197      		sbiw r24,1
 1393 09a2 01F0      		breq .L111
 1394 09a4 00C0      		rjmp .L137
 1395               	.LVL71:
 1396               	.L29:
 1397               	.LM163:
 1398 09a6 82E0      		ldi r24,lo8(2)
 1399 09a8 90E0      		ldi r25,hi8(2)
 1400 09aa 68EE      		ldi r22,lo8(1000)
 1401 09ac 73E0      		ldi r23,hi8(1000)
 1402 09ae 42E0      		ldi r20,lo8(2)
 1403 09b0 0E94 0000 		call effect_smileyspin
 1404               	.LVL72:
 1405 09b4 00C0      		rjmp .L112
 1406               	.L113:
 1407               	.LM164:
 1408 09b6 84EF      		ldi r24,lo8(500)
 1409 09b8 91E0      		ldi r25,hi8(500)
 1410 09ba 0E94 0000 		call delay_ms
 1411               	.L112:
 1412 09be 8091 0000 		lds r24,xit
 1413 09c2 9091 0000 		lds r25,(xit)+1
 1414 09c6 0197      		sbiw r24,1
 1415 09c8 01F0      		breq .L113
 1416 09ca 00C0      		rjmp .L137
 1417               	.LVL73:
 1418               	.L30:
 1419               	.LM165:
 1420 09cc 0E94 0000 		call effect_random_sparkle
 1421               	.LVL74:
 1422 09d0 00C0      		rjmp .L114
 1423               	.L115:
 1424               	.LM166:
 1425 09d2 84EF      		ldi r24,lo8(500)
 1426 09d4 91E0      		ldi r25,hi8(500)
 1427 09d6 0E94 0000 		call delay_ms
 1428               	.L114:
 1429 09da 8091 0000 		lds r24,xit
 1430 09de 9091 0000 		lds r25,(xit)+1
 1431 09e2 0197      		sbiw r24,1
 1432 09e4 01F0      		breq .L115
 1433 09e6 00C0      		rjmp .L137
 1434               	.LVL75:
 1435               	.L31:
 1436               	.LM167:
 1437 09e8 81E0      		ldi r24,lo8(1)
 1438 09ea 90E0      		ldi r25,hi8(1)
 1439 09ec 6AE7      		ldi r22,lo8(122)
 1440 09ee 70E0      		ldi r23,hi8(122)
 1441 09f0 4FEF      		ldi r20,lo8(-1)
 1442 09f2 5FEF      		ldi r21,hi8(-1)
 1443 09f4 24E6      		ldi r18,lo8(100)
 1444 09f6 30E0      		ldi r19,hi8(100)
 1445 09f8 08EE      		ldi r16,lo8(1000)
 1446 09fa 13E0      		ldi r17,hi8(1000)
 1447 09fc 0E94 0000 		call effect_wormsqueeze
 1448               	.LVL76:
 1449 0a00 00C0      		rjmp .L116
 1450               	.L117:
 1451               	.LM168:
 1452 0a02 84EF      		ldi r24,lo8(500)
 1453 0a04 91E0      		ldi r25,hi8(500)
 1454 0a06 0E94 0000 		call delay_ms
 1455               	.L116:
 1456 0a0a 8091 0000 		lds r24,xit
 1457 0a0e 9091 0000 		lds r25,(xit)+1
 1458 0a12 0197      		sbiw r24,1
 1459 0a14 01F0      		breq .L117
 1460 0a16 00C0      		rjmp .L137
 1461               	.LVL77:
 1462               	.L32:
 1463               	.LM169:
 1464 0a18 8AEF      		ldi r24,lo8(250)
 1465 0a1a 90E0      		ldi r25,hi8(250)
 1466 0a1c 68E5      		ldi r22,lo8(600)
 1467 0a1e 72E0      		ldi r23,hi8(600)
 1468 0a20 41E0      		ldi r20,lo8(1)
 1469 0a22 23E0      		ldi r18,lo8(3)
 1470 0a24 0E94 0000 		call boingboing
 1471               	.LVL78:
 1472 0a28 00C0      		rjmp .L118
 1473               	.L119:
 1474               	.LM170:
 1475 0a2a 84EF      		ldi r24,lo8(500)
 1476 0a2c 91E0      		ldi r25,hi8(500)
 1477 0a2e 0E94 0000 		call delay_ms
 1478               	.L118:
 1479 0a32 8091 0000 		lds r24,xit
 1480 0a36 9091 0000 		lds r25,(xit)+1
 1481 0a3a 0197      		sbiw r24,1
 1482 0a3c 01F0      		breq .L119
 1483 0a3e 00C0      		rjmp .L137
 1484               	.LVL79:
 1485               	.L33:
 1486               	.LM171:
 1487 0a40 84E6      		ldi r24,lo8(100)
 1488 0a42 90E0      		ldi r25,hi8(100)
 1489 0a44 0E94 0000 		call effect_filip_filop
 1490               	.LVL80:
 1491 0a48 00C0      		rjmp .L120
 1492               	.L121:
 1493               	.LM172:
 1494 0a4a 84EF      		ldi r24,lo8(500)
 1495 0a4c 91E0      		ldi r25,hi8(500)
 1496 0a4e 0E94 0000 		call delay_ms
 1497               	.L120:
 1498 0a52 8091 0000 		lds r24,xit
 1499 0a56 9091 0000 		lds r25,(xit)+1
 1500 0a5a 0197      		sbiw r24,1
 1501 0a5c 01F0      		breq .L121
 1502 0a5e 00C0      		rjmp .L137
 1503               	.LVL81:
 1504               	.L34:
 1505               	.LM173:
 1506 0a60 88E5      		ldi r24,lo8(600)
 1507 0a62 92E0      		ldi r25,hi8(600)
 1508 0a64 6CE2      		ldi r22,lo8(300)
 1509 0a66 71E0      		ldi r23,hi8(300)
 1510 0a68 0E94 0000 		call int_ripples
 1511               	.LVL82:
 1512 0a6c 00C0      		rjmp .L122
 1513               	.L123:
 1514               	.LM174:
 1515 0a6e 84EF      		ldi r24,lo8(500)
 1516 0a70 91E0      		ldi r25,hi8(500)
 1517 0a72 0E94 0000 		call delay_ms
 1518               	.L122:
 1519 0a76 8091 0000 		lds r24,xit
 1520 0a7a 9091 0000 		lds r25,(xit)+1
 1521 0a7e 0197      		sbiw r24,1
 1522 0a80 01F0      		breq .L123
 1523               	.LM175:
 1524 0a82 88E5      		ldi r24,lo8(600)
 1525 0a84 92E0      		ldi r25,hi8(600)
 1526 0a86 6CE2      		ldi r22,lo8(300)
 1527 0a88 71E0      		ldi r23,hi8(300)
 1528 0a8a 0E94 0000 		call mirror_ripples
 1529 0a8e 00C0      		rjmp .L124
 1530               	.L125:
 1531               	.LM176:
 1532 0a90 84EF      		ldi r24,lo8(500)
 1533 0a92 91E0      		ldi r25,hi8(500)
 1534 0a94 0E94 0000 		call delay_ms
 1535               	.L124:
 1536 0a98 8091 0000 		lds r24,xit
 1537 0a9c 9091 0000 		lds r25,(xit)+1
 1538 0aa0 0197      		sbiw r24,1
 1539 0aa2 01F0      		breq .L125
 1540               	.LM177:
 1541 0aa4 88E5      		ldi r24,lo8(600)
 1542 0aa6 92E0      		ldi r25,hi8(600)
 1543 0aa8 6CE2      		ldi r22,lo8(300)
 1544 0aaa 71E0      		ldi r23,hi8(300)
 1545 0aac 0E94 0000 		call side_ripples
 1546 0ab0 00C0      		rjmp .L126
 1547               	.L127:
 1548               	.LM178:
 1549 0ab2 84EF      		ldi r24,lo8(500)
 1550 0ab4 91E0      		ldi r25,hi8(500)
 1551 0ab6 0E94 0000 		call delay_ms
 1552               	.L126:
 1553 0aba 8091 0000 		lds r24,xit
 1554 0abe 9091 0000 		lds r25,(xit)+1
 1555 0ac2 0197      		sbiw r24,1
 1556 0ac4 01F0      		breq .L127
 1557               	.LM179:
 1558 0ac6 84E6      		ldi r24,lo8(100)
 1559 0ac8 90E0      		ldi r25,hi8(100)
 1560 0aca 60ED      		ldi r22,lo8(2000)
 1561 0acc 77E0      		ldi r23,hi8(2000)
 1562 0ace 0E94 0000 		call quad_ripples
 1563 0ad2 00C0      		rjmp .L128
 1564               	.L129:
 1565               	.LM180:
 1566 0ad4 84EF      		ldi r24,lo8(500)
 1567 0ad6 91E0      		ldi r25,hi8(500)
 1568 0ad8 0E94 0000 		call delay_ms
 1569               	.L128:
 1570 0adc 8091 0000 		lds r24,xit
 1571 0ae0 9091 0000 		lds r25,(xit)+1
 1572 0ae4 0197      		sbiw r24,1
 1573 0ae6 01F0      		breq .L129
 1574 0ae8 00C0      		rjmp .L137
 1575               	.LVL83:
 1576               	.L35:
 1577               	.LM181:
 1578 0aea 80E2      		ldi r24,lo8(800)
 1579 0aec 93E0      		ldi r25,hi8(800)
 1580 0aee 69E1      		ldi r22,lo8(25)
 1581 0af0 70E0      		ldi r23,hi8(25)
 1582 0af2 0E94 0000 		call int_sidewaves
 1583               	.LVL84:
 1584 0af6 00C0      		rjmp .L130
 1585               	.L131:
 1586               	.LM182:
 1587 0af8 84EF      		ldi r24,lo8(500)
 1588 0afa 91E0      		ldi r25,hi8(500)
 1589 0afc 0E94 0000 		call delay_ms
 1590               	.L130:
 1591 0b00 8091 0000 		lds r24,xit
 1592 0b04 9091 0000 		lds r25,(xit)+1
 1593 0b08 0197      		sbiw r24,1
 1594 0b0a 01F0      		breq .L131
 1595 0b0c 00C0      		rjmp .L137
 1596               	.LVL85:
 1597               	.L36:
 1598               	.LM183:
 1599 0b0e 84E6      		ldi r24,lo8(100)
 1600 0b10 90E0      		ldi r25,hi8(100)
 1601 0b12 63E0      		ldi r22,lo8(3)
 1602 0b14 0E94 0000 		call effect_cubix
 1603               	.LVL86:
 1604 0b18 00C0      		rjmp .L132
 1605               	.L133:
 1606               	.LM184:
 1607 0b1a 84EF      		ldi r24,lo8(500)
 1608 0b1c 91E0      		ldi r25,hi8(500)
 1609 0b1e 0E94 0000 		call delay_ms
 1610               	.L132:
 1611 0b22 8091 0000 		lds r24,xit
 1612 0b26 9091 0000 		lds r25,(xit)+1
 1613 0b2a 0197      		sbiw r24,1
 1614 0b2c 01F0      		breq .L133
 1615 0b2e 00C0      		rjmp .L137
 1616               	.LVL87:
 1617               	.L37:
 1618               	.LM185:
 1619 0b30 8AE0      		ldi r24,lo8(10)
 1620 0b32 90E0      		ldi r25,hi8(10)
 1621 0b34 6EE1      		ldi r22,lo8(30)
 1622 0b36 70E0      		ldi r23,hi8(30)
 1623 0b38 0E94 0000 		call fireworks
 1624               	.LVL88:
 1625 0b3c 00C0      		rjmp .L134
 1626               	.L135:
 1627               	.LM186:
 1628 0b3e 84EF      		ldi r24,lo8(500)
 1629 0b40 91E0      		ldi r25,hi8(500)
 1630 0b42 0E94 0000 		call delay_ms
 1631               	.L134:
 1632 0b46 8091 0000 		lds r24,xit
 1633 0b4a 9091 0000 		lds r25,(xit)+1
 1634 0b4e 0197      		sbiw r24,1
 1635 0b50 01F0      		breq .L135
 1636 0b52 00C0      		rjmp .L137
 1637               	.LVL89:
 1638               	.L38:
 1639               	.LM187:
 1640 0b54 80E0      		ldi r24,lo8(0)
 1641 0b56 0E94 0000 		call fill
 1642               	.LVL90:
 1643 0b5a C0E0      		ldi r28,lo8(0)
 1644 0b5c D0E0      		ldi r29,hi8(0)
 1645               	.LVL91:
 1646               	.L136:
 1647               	.LM188:
 1648 0b5e 0E94 0000 		call rand
 1649 0b62 8C01      		movw r16,r24
 1650               	.LVL92:
 1651 0b64 0E94 0000 		call rand
 1652 0b68 7C01      		movw r14,r24
 1653 0b6a 0E94 0000 		call rand
 1654 0b6e FC01      		movw r30,r24
 1655 0b70 C801      		movw r24,r16
 1656 0b72 64E0      		ldi r22,lo8(4)
 1657 0b74 70E0      		ldi r23,hi8(4)
 1658 0b76 0E94 0000 		call __divmodhi4
 1659 0b7a 8C01      		movw r16,r24
 1660 0b7c 0E5F      		subi r16,lo8(-(2))
 1661 0b7e 1F4F      		sbci r17,hi8(-(2))
 1662 0b80 C701      		movw r24,r14
 1663 0b82 64E0      		ldi r22,lo8(4)
 1664 0b84 70E0      		ldi r23,hi8(4)
 1665 0b86 0E94 0000 		call __divmodhi4
 1666 0b8a 9C01      		movw r18,r24
 1667 0b8c 2E5F      		subi r18,lo8(-(2))
 1668 0b8e 3F4F      		sbci r19,hi8(-(2))
 1669 0b90 CF01      		movw r24,r30
 1670 0b92 64E0      		ldi r22,lo8(4)
 1671 0b94 70E0      		ldi r23,hi8(4)
 1672 0b96 0E94 0000 		call __divmodhi4
 1673 0b9a AC01      		movw r20,r24
 1674 0b9c 4E5F      		subi r20,lo8(-(2))
 1675 0b9e 5F4F      		sbci r21,hi8(-(2))
 1676 0ba0 C801      		movw r24,r16
 1677 0ba2 B901      		movw r22,r18
 1678 0ba4 0E94 0000 		call setvoxel
 1679               	.LM189:
 1680 0ba8 2196      		adiw r28,1
 1681 0baa CA30      		cpi r28,10
 1682 0bac D105      		cpc r29,__zero_reg__
 1683 0bae 01F4      		brne .L136
 1684               	.LM190:
 1685 0bb0 88EC      		ldi r24,lo8(200)
 1686 0bb2 90E0      		ldi r25,hi8(200)
 1687 0bb4 6CEB      		ldi r22,lo8(700)
 1688 0bb6 72E0      		ldi r23,hi8(700)
 1689 0bb8 0E94 0000 		call gol_play
 1690               	.LVL93:
 1691               	.L152:
 1692               	.LM191:
 1693 0bbc 80E0      		ldi r24,lo8(0)
 1694 0bbe 0E94 0000 		call fill
 1695 0bc2 00C0      		rjmp .L137
 1696               	.LVL94:
 1697               	.L2:
 1698               	.LM192:
 1699 0bc4 80E0      		ldi r24,lo8(.LC7)
 1700 0bc6 90E0      		ldi r25,hi8(.LC7)
 1701 0bc8 0E94 0000 		call effect_stringfly2
 1702               	.LVL95:
 1703               	.L137:
 1704               	/* epilogue start */
 1705               	.LM193:
 1706 0bcc DF91      		pop r29
 1707 0bce CF91      		pop r28
 1708               	.LVL96:
 1709 0bd0 1F91      		pop r17
 1710               	.LVL97:
 1711 0bd2 0F91      		pop r16
 1712               	.LVL98:
 1713 0bd4 FF90      		pop r15
 1714 0bd6 EF90      		pop r14
 1715 0bd8 0895      		ret
 1716               	.LFE2:
 1718               		.comm cube,64,1
 1719               		.comm fb,64,1
 1744               	.Letext0:
DEFINED SYMBOLS
                            *ABS*:00000000 launch_effect.c
C:\Users\SUPERT~1\AppData\Local\Temp/ccTOOraW.s:2      *ABS*:0000003f __SREG__
C:\Users\SUPERT~1\AppData\Local\Temp/ccTOOraW.s:3      *ABS*:0000003e __SP_H__
C:\Users\SUPERT~1\AppData\Local\Temp/ccTOOraW.s:4      *ABS*:0000003d __SP_L__
C:\Users\SUPERT~1\AppData\Local\Temp/ccTOOraW.s:5      *ABS*:00000034 __CCP__
C:\Users\SUPERT~1\AppData\Local\Temp/ccTOOraW.s:6      *ABS*:00000000 __tmp_reg__
C:\Users\SUPERT~1\AppData\Local\Temp/ccTOOraW.s:7      *ABS*:00000001 __zero_reg__
C:\Users\SUPERT~1\AppData\Local\Temp/ccTOOraW.s:36     .text:00000000 launch_effect
                            *COM*:00000040 cube
                            *COM*:00000040 fb

UNDEFINED SYMBOLS
fill
rand
__divmodhi4
setvoxel
gol_play
effect_smileyspin
delay_ms
xit
effect_blinky2
effect_rain
int_ripples
effect_path_text
effect_stringfly2
linespin
sinelines
effect_path_bitmap
squarespiral
squarespiral2
side_ripples
quad_ripples
sendvoxels_rand_z
effect_random_filler
effect_z_updown
effect_wormsqueeze
mirror_ripples
effect_box_shrink_grow
effect_box_woopwoop
effect_planboing2
effect_planboing
effect_telcstairs
effect_axis_updown_randsuspend
effect_loadbar
effect_boxside_randsend_parallel
boingboing
effect_pathspiral
effect_rand_patharound
effect_random_sparkle
effect_filip_filop
int_sidewaves
effect_cubix
fireworks
__do_copy_data
__do_clear_bss
